0 info it worked if it ends with ok
1 verbose cli [ 'C:\\Program Files\\nodejs\\\\node.exe',
1 verbose cli   'C:\\Program Files\\nodejs\\node_modules\\npm\\bin\\npm-cli.js',
1 verbose cli   'install',
1 verbose cli   'imagemin-optpng',
1 verbose cli   '--save' ]
2 info using npm@1.4.28
3 info using node@v0.10.33
4 verbose node symlink C:\Program Files\nodejs\\node.exe
5 warn package.json aller@ No description
6 warn package.json aller@ No repository field.
7 warn package.json aller@ No README data
8 verbose readDependencies using package.json deps
9 verbose cache add [ 'imagemin-optpng', null ]
10 verbose cache add name=undefined spec="imagemin-optpng" args=["imagemin-optpng",null]
11 verbose parsed url { protocol: null,
11 verbose parsed url   slashes: null,
11 verbose parsed url   auth: null,
11 verbose parsed url   host: null,
11 verbose parsed url   port: null,
11 verbose parsed url   hostname: null,
11 verbose parsed url   hash: null,
11 verbose parsed url   search: null,
11 verbose parsed url   query: null,
11 verbose parsed url   pathname: 'imagemin-optpng',
11 verbose parsed url   path: 'imagemin-optpng',
11 verbose parsed url   href: 'imagemin-optpng' }
12 silly lockFile 444da5b6-imagemin-optpng imagemin-optpng
13 verbose lock imagemin-optpng C:\Users\Akira\AppData\Roaming\npm-cache\444da5b6-imagemin-optpng.lock
14 silly lockFile 444da5b6-imagemin-optpng imagemin-optpng
15 silly lockFile 444da5b6-imagemin-optpng imagemin-optpng
16 verbose addNamed [ 'imagemin-optpng', '' ]
17 verbose addNamed [ null, '*' ]
18 silly lockFile bd8bb021-imagemin-optpng imagemin-optpng@
19 verbose lock imagemin-optpng@ C:\Users\Akira\AppData\Roaming\npm-cache\bd8bb021-imagemin-optpng.lock
20 silly addNameRange { name: 'imagemin-optpng', range: '*', hasData: false }
21 verbose request where is /imagemin-optpng
22 verbose request registry https://registry.npmjs.org/
23 verbose request id b633ee0a81c4d24b
24 verbose url raw /imagemin-optpng
25 verbose url resolving [ 'https://registry.npmjs.org/', './imagemin-optpng' ]
26 verbose url resolved https://registry.npmjs.org/imagemin-optpng
27 verbose request where is https://registry.npmjs.org/imagemin-optpng
28 info trying registry request attempt 1 at 14:41:02
29 http GET https://registry.npmjs.org/imagemin-optpng
30 http 404 https://registry.npmjs.org/imagemin-optpng
31 verbose headers { date: 'Wed, 22 Apr 2015 05:40:55 GMT',
31 verbose headers   server: 'CouchDB/1.5.0 (Erlang OTP/R16B03)',
31 verbose headers   'content-type': 'application/json',
31 verbose headers   'cache-control': 'max-age=0',
31 verbose headers   'content-length': '51',
31 verbose headers   'accept-ranges': 'bytes',
31 verbose headers   via: '1.1 varnish',
31 verbose headers   age: '0',
31 verbose headers   'x-served-by': 'cache-nrt6123-NRT',
31 verbose headers   'x-cache': 'MISS',
31 verbose headers   'x-cache-hits': '0',
31 verbose headers   'x-timer': 'S1429681255.136533,VS0,VE474',
31 verbose headers   'keep-alive': 'timeout=10, max=50',
31 verbose headers   connection: 'Keep-Alive' }
32 silly registry.get cb [ 404,
32 silly registry.get   { date: 'Wed, 22 Apr 2015 05:40:55 GMT',
32 silly registry.get     server: 'CouchDB/1.5.0 (Erlang OTP/R16B03)',
32 silly registry.get     'content-type': 'application/json',
32 silly registry.get     'cache-control': 'max-age=0',
32 silly registry.get     'content-length': '51',
32 silly registry.get     'accept-ranges': 'bytes',
32 silly registry.get     via: '1.1 varnish',
32 silly registry.get     age: '0',
32 silly registry.get     'x-served-by': 'cache-nrt6123-NRT',
32 silly registry.get     'x-cache': 'MISS',
32 silly registry.get     'x-cache-hits': '0',
32 silly registry.get     'x-timer': 'S1429681255.136533,VS0,VE474',
32 silly registry.get     'keep-alive': 'timeout=10, max=50',
32 silly registry.get     connection: 'Keep-Alive' } ]
33 silly lockFile bd8bb021-imagemin-optpng imagemin-optpng@
34 silly lockFile bd8bb021-imagemin-optpng imagemin-optpng@
35 error 404 404 Not Found: imagemin-optpng
35 error 404
35 error 404 'imagemin-optpng' is not in the npm registry.
35 error 404 You should bug the author to publish it
35 error 404 It was specified as a dependency of 'aller'
35 error 404
35 error 404 Note that you can also install from a
35 error 404 tarball, folder, or http url, or git url.
36 error System Windows_NT 6.2.9200
37 error command "C:\\Program Files\\nodejs\\\\node.exe" "C:\\Program Files\\nodejs\\node_modules\\npm\\bin\\npm-cli.js" "install" "imagemin-optpng" "--save"
38 error cwd C:\github\aller
39 error node -v v0.10.33
40 error npm -v 1.4.28
41 error code E404
42 verbose exit [ 1, true ]
